871c903a90c45ca08a9d42803916c3f7  ./bin/gdiplus.dll
3b5f9b1aa650c3ae108505b4540e52e3  ./bin/PCO_CDlg.dll
a579f66f4ab0841ef118ef546d46d718  ./bin/PCO_Conv.dll
52a108871f89ae1d003a46fbd7751e24  ./bin/PCO_CryptDll.dll
a5ac07e054a2039c739d703d754ae218  ./bin/Read_me.txt
24761a29258a6e5882a51add6c786db3  ./bin/SC2_Cam.dll
d61038e9d4fd7c726bec82e7835e31f3  ./bin/sc2_cl_me4.dll
be7bf12c7b7fcfee6804b9c2788e4983  ./bin/sc2_cl_ser.dll
beae41c8676cc9284922b1ee8061d186  ./bin/SC2_DLG.dll
27b9819e934df8437ce11276e9edd8c4  ./bin64/PCO_CDlg.dll
186775c5452b7e4fe8bea39f77c0d691  ./bin64/PCO_Conv.dll
c498e30707c814df5fba302803cd4988  ./bin64/PCO_CryptDll.dll
7b13b847efd2d02ab2cb8b6341e4230d  ./bin64/SC2_Cam.dll
dbf27f7ffe531ddc90e675602366bc7b  ./bin64/sc2_cl_me4.dll
c349358900d19123aac668ff0c3cfda1  ./bin64/sc2_cl_ser.dll
5f57b4d990b6e102479823fd42cf1c50  ./bin64/SC2_DLG.dll
001e53237fac0660aeb4091624f26ba0  ./include/Pco_ConvDlgExport.h
c0a22e2d703f75b78366732061095e4f  ./include/Pco_ConvExport.h
02927354a905586ee46b0ed264f73a3d  ./include/Pco_ConvStructures.h
230c35b4a6a1a65a24466405ad160f01  ./include/PCO_err.h
af9d50121c2f2b252b35054e643f1a7e  ./include/PCO_errt.h
1f2a3c56167094883ebb96a510b47efa  ./include/PCO_Structures.h
626e60b7e507585c0444fa23dd3438a3  ./include/SC2_CamExport.h
4b5c251043115e18ee6af5cefb7be74f  ./include/sc2_common.h
a0e1b6ef00c51c997a08367f5a5dd048  ./include/sc2_defs.h
276244167010a08c38e15b2510ac4931  ./include/SC2_DialogExport.h
78141a2c3a054d5ad5baa5e220ce8c2b  ./include/SC2_SDKAddendum.h
a619577b0800392dcc4b242b34e039ce  ./include/sc2_SDKStructures.h
b10fb5eaf38288570482aab343ee3ff1  ./lib/PCO_CDlg.lib
bfab41207b34d40f051f72caa8e8fc0b  ./lib/Pco_conv.lib
b626143014b6956ca65ca342f3c896e8  ./lib/PCO_CryptDll.lib
bccd5bc50e029574c3582522e620679b  ./lib/SC2_Cam.lib
71c9d87e1c6c560b9cf871c056704338  ./lib/SC2_DLG.lib
b7be4137f7a19efff6c9a3789579d566  ./lib64/PCO_CDlg.lib
282fcc3de5871a8e7455af5ab0861821  ./lib64/Pco_conv.lib
e103066b6f3e3bd48ae9a2ad36c03b60  ./lib64/PCO_CryptDll.lib
ef127eddcbb5be4b894796edeeb4fb10  ./lib64/SC2_Cam.lib
a4b3eba4e9b330d9b5ed53518cbd0603  ./lib64/SC2_DLG.lib
